<?xml version="1.0" encoding="UTF-8"?>
<testng-results skipped="0" failed="0" ignored="0" total="4" passed="4">
  <reporter-output>
  </reporter-output>
  <suite name="Default suite" duration-ms="37647" started-at="2019-04-23T09:27:49Z" finished-at="2019-04-23T09:28:26Z">
    <groups>
    </groups>
    <test name="Default test" duration-ms="37647" started-at="2019-04-23T09:27:49Z" finished-at="2019-04-23T09:28:26Z">
      <class name="com.test2.OnlineShoppingTest">
        <test-method status="PASS" signature="startReportBeforeTest()[pri:0, instance:com.test2.OnlineShoppingTest@66a3ffec]" name="startReportBeforeTest" is-config="true" duration-ms="10013" started-at="2019-04-23T09:27:49Z" finished-at="2019-04-23T09:27:59Z">
          <reporter-output>
          </reporter-output>
        </test-method> <!-- startReportBeforeTest -->
        <test-method status="PASS" signature="testRegistration()[pri:1, instance:com.test2.OnlineShoppingTest@66a3ffec]" name="testRegistration" duration-ms="8193" started-at="2019-04-23T09:27:59Z" finished-at="2019-04-23T09:28:07Z">
          <reporter-output>
          </reporter-output>
        </test-method> <!-- testRegistration -->
        <test-method status="PASS" signature="getResultAfterMethod(org.testng.ITestResult)[pri:0, instance:com.test2.OnlineShoppingTest@66a3ffec]" name="getResultAfterMethod" is-config="true" duration-ms="7" started-at="2019-04-23T09:28:07Z" finished-at="2019-04-23T09:28:07Z">
          <params>
            <param index="0">
              <value>
                <![CDATA[[TestResult name=testRegistration status=SUCCESS method=OnlineShoppingTest.testRegistration()[pri:1, instance:com.test2.OnlineShoppingTest@66a3ffec] output={null}]]]>
              </value>
            </param>
          </params>
          <reporter-output>
          </reporter-output>
        </test-method> <!-- getResultAfterMethod -->
        <test-method status="PASS" signature="testLogin()[pri:2, instance:com.test2.OnlineShoppingTest@66a3ffec]" name="testLogin" duration-ms="279" started-at="2019-04-23T09:28:07Z" finished-at="2019-04-23T09:28:07Z">
          <reporter-output>
          </reporter-output>
        </test-method> <!-- testLogin -->
        <test-method status="PASS" signature="getResultAfterMethod(org.testng.ITestResult)[pri:0, instance:com.test2.OnlineShoppingTest@66a3ffec]" name="getResultAfterMethod" is-config="true" duration-ms="0" started-at="2019-04-23T09:28:07Z" finished-at="2019-04-23T09:28:07Z">
          <params>
            <param index="0">
              <value>
                <![CDATA[[TestResult name=testLogin status=SUCCESS method=OnlineShoppingTest.testLogin()[pri:2, instance:com.test2.OnlineShoppingTest@66a3ffec] output={null}]]]>
              </value>
            </param>
          </params>
          <reporter-output>
          </reporter-output>
        </test-method> <!-- getResultAfterMethod -->
        <test-method status="PASS" signature="testCart()[pri:3, instance:com.test2.OnlineShoppingTest@66a3ffec]" name="testCart" duration-ms="14937" started-at="2019-04-23T09:28:07Z" finished-at="2019-04-23T09:28:22Z">
          <reporter-output>
          </reporter-output>
        </test-method> <!-- testCart -->
        <test-method status="PASS" signature="getResultAfterMethod(org.testng.ITestResult)[pri:0, instance:com.test2.OnlineShoppingTest@66a3ffec]" name="getResultAfterMethod" is-config="true" duration-ms="2" started-at="2019-04-23T09:28:22Z" finished-at="2019-04-23T09:28:22Z">
          <params>
            <param index="0">
              <value>
                <![CDATA[[TestResult name=testCart status=SUCCESS method=OnlineShoppingTest.testCart()[pri:3, instance:com.test2.OnlineShoppingTest@66a3ffec] output={null}]]]>
              </value>
            </param>
          </params>
          <reporter-output>
          </reporter-output>
        </test-method> <!-- getResultAfterMethod -->
        <test-method status="PASS" signature="testPayment()[pri:4, instance:com.test2.OnlineShoppingTest@66a3ffec]" name="testPayment" duration-ms="1449" started-at="2019-04-23T09:28:22Z" finished-at="2019-04-23T09:28:24Z">
          <reporter-output>
          </reporter-output>
        </test-method> <!-- testPayment -->
        <test-method status="PASS" signature="getResultAfterMethod(org.testng.ITestResult)[pri:0, instance:com.test2.OnlineShoppingTest@66a3ffec]" name="getResultAfterMethod" is-config="true" duration-ms="1" started-at="2019-04-23T09:28:24Z" finished-at="2019-04-23T09:28:24Z">
          <params>
            <param index="0">
              <value>
                <![CDATA[[TestResult name=testPayment status=SUCCESS method=OnlineShoppingTest.testPayment()[pri:4, instance:com.test2.OnlineShoppingTest@66a3ffec] output={null}]]]>
              </value>
            </param>
          </params>
          <reporter-output>
          </reporter-output>
        </test-method> <!-- getResultAfterMethod -->
        <test-method status="PASS" signature="endReportAfterTest()[pri:0, instance:com.test2.OnlineShoppingTest@66a3ffec]" name="endReportAfterTest" is-config="true" duration-ms="2719" started-at="2019-04-23T09:28:24Z" finished-at="2019-04-23T09:28:26Z">
          <reporter-output>
          </reporter-output>
        </test-method> <!-- endReportAfterTest -->
      </class> <!-- com.test2.OnlineShoppingTest -->
    </test> <!-- Default test -->
  </suite> <!-- Default suite -->
</testng-results>
