<?xml version="1.0" encoding="UTF-8"?>
<!-- Generated by org.testng.reporters.JUnitXMLReporter -->
<testsuite hostname="BDC6-DX-3NJ2N62" ignored="0" name="Default test" tests="4" failures="0" timestamp="23 Apr 2019 09:28:26 GMT" time="37.647" errors="0">
  <testcase name="testRegistration" time="8.193" classname="com.test2.OnlineShoppingTest"/>
  <testcase name="testLogin" time="0.279" classname="com.test2.OnlineShoppingTest"/>
  <testcase name="testCart" time="14.937" classname="com.test2.OnlineShoppingTest"/>
  <testcase name="testPayment" time="1.449" classname="com.test2.OnlineShoppingTest"/>
</testsuite> <!-- Default test -->
